<?xml version="1.0" encoding="UTF-8"?>
<testng-results ignored="0" total="1" passed="1" failed="0" skipped="0">
  <reporter-output>
  </reporter-output>
  <suite started-at="2025-12-26T12:57:54 IST" name="Default suite" finished-at="2025-12-26T12:58:07 IST" duration-ms="12819">
    <groups>
    </groups>
    <test started-at="2025-12-26T12:57:54 IST" name="Default test" finished-at="2025-12-26T12:58:07 IST" duration-ms="12819">
      <class name="com.vtiger.crm.organization.CreatingOrgWithLastName">
        <test-method is-config="true" signature="createDBConnection()[pri:0, instance:com.vtiger.crm.organization.CreatingOrgWithLastName@2df3b89c]" started-at="2025-12-26T12:57:54 IST" name="createDBConnection" finished-at="2025-12-26T12:57:54 IST" duration-ms="30" status="PASS">
          <reporter-output>
          </reporter-output>
        </test-method> <!-- createDBConnection -->
        <test-method is-config="true" signature="launchBrowswer()[pri:0, instance:com.vtiger.crm.organization.CreatingOrgWithLastName@2df3b89c]" started-at="2025-12-26T12:57:54 IST" name="launchBrowswer" finished-at="2025-12-26T12:57:56 IST" duration-ms="1780" status="PASS">
          <reporter-output>
          </reporter-output>
        </test-method> <!-- launchBrowswer -->
        <test-method is-config="true" signature="loginUser()[pri:0, instance:com.vtiger.crm.organization.CreatingOrgWithLastName@2df3b89c]" started-at="2025-12-26T12:57:56 IST" name="loginUser" finished-at="2025-12-26T12:57:58 IST" duration-ms="2372" status="PASS">
          <reporter-output>
          </reporter-output>
        </test-method> <!-- loginUser -->
        <test-method signature="CreateOrganizationTest()[pri:0, instance:com.vtiger.crm.organization.CreatingOrgWithLastName@2df3b89c]" started-at="2025-12-26T12:57:58 IST" name="CreateOrganizationTest" finished-at="2025-12-26T12:58:06 IST" duration-ms="7411" status="PASS">
          <reporter-output>
          </reporter-output>
        </test-method> <!-- CreateOrganizationTest -->
        <test-method is-config="true" signature="logOutUser()[pri:0, instance:com.vtiger.crm.organization.CreatingOrgWithLastName@2df3b89c]" started-at="2025-12-26T12:58:06 IST" name="logOutUser" finished-at="2025-12-26T12:58:07 IST" duration-ms="861" status="PASS">
          <reporter-output>
          </reporter-output>
        </test-method> <!-- logOutUser -->
        <test-method is-config="true" signature="quitBroswe()[pri:0, instance:com.vtiger.crm.organization.CreatingOrgWithLastName@2df3b89c]" started-at="2025-12-26T12:58:07 IST" name="quitBroswe" finished-at="2025-12-26T12:58:07 IST" duration-ms="330" status="PASS">
          <reporter-output>
          </reporter-output>
        </test-method> <!-- quitBroswe -->
        <test-method is-config="true" signature="closeDBConnection()[pri:0, instance:com.vtiger.crm.organization.CreatingOrgWithLastName@2df3b89c]" started-at="2025-12-26T12:58:07 IST" name="closeDBConnection" finished-at="2025-12-26T12:58:07 IST" duration-ms="0" status="PASS">
          <reporter-output>
          </reporter-output>
        </test-method> <!-- closeDBConnection -->
      </class> <!-- com.vtiger.crm.organization.CreatingOrgWithLastName -->
    </test> <!-- Default test -->
  </suite> <!-- Default suite -->
</testng-results>
